11:13:54.285 [JavaFX Application Thread] DEBUG GameApplication      - Logger initialized
11:13:54.303 [JavaFX Application Thread] DEBUG MainWindow           - Creating a JavaFX scene
11:13:54.405 [JavaFX Application Thread] DEBUG MainWindow           - Target settings size: 600.0 x 700.0
11:13:54.405 [JavaFX Application Thread] DEBUG MainWindow           - Scaled scene size:    600.0 x 700.0
11:13:54.406 [JavaFX Application Thread] DEBUG MainWindow           - Scaled ratio: (1.0, 1.0)
11:13:54.608 [JavaFX Application Thread] DEBUG GameApplication      - Starting FXGL
11:13:54.664 [FXGL Launcher Thread     ] INFO  Version              - FXGL-0.4.2
11:13:54.665 [FXGL Launcher Thread     ] INFO  Version              - Source code and latest versions at: https://github.com/AlmasB/FXGL
11:13:54.665 [FXGL Launcher Thread     ] INFO  Version              -              Join the FXGL chat at: https://gitter.im/AlmasB/FXGL
11:13:54.666 [FXGL Launcher Thread     ] DEBUG FXGL                 - Loading FXGL system data
11:13:54.674 [FXGL Launcher Thread     ] DEBUG IOTask               - Executing task: readDataTask(system/fxgl.bundle)
11:13:54.686 [FXGL Launcher Thread     ] DEBUG FS                   - Reading from: system\fxgl.bundle
11:13:54.698 [FXGL Launcher Thread     ] DEBUG IOTask               - Task succeeded: readDataTask(system/fxgl.bundle)
11:13:54.699 [FXGL Launcher Thread     ] DEBUG Bundle               - Logging bundle: FXGL
11:13:54.701 [FXGL Launcher Thread     ] DEBUG Bundle               - FXGL.offline.timer.version.check=2018-03-15T11:09:36.834
11:13:54.726 [FXGL Launcher Thread     ] DEBUG GameApplication      - FXGL started
11:13:54.727 [FXGL Launcher Thread     ] DEBUG GameApplication      - Logging game settings
Title: Basic Game App
Version: 0.1
Width: 600
Height: 700
Fullscreen: false
Intro: false
Menus: false
Profiling: false
Single step:false
App Mode: DEVELOPER
Menu Key: ESCAPE
Stage Style: DECORATED
Scene Factory: class com.almasb.fxgl.scene.SceneFactory
Dialog Factory: class com.almasb.fxgl.ui.FXGLDialogFactory
UI Factory: class com.almasb.fxgl.ui.FXGLUIFactory
Notification Service: class com.almasb.fxgl.gameplay.notification.XboxNotificationView
Exception Handler: class com.almasb.fxgl.app.FXGLExceptionHandler
11:13:54.728 [FXGL Launcher Thread     ] DEBUG GameApplication      - Configuring GameApplication
11:13:54.728 [FXGL Launcher Thread     ] DEBUG GameApplication      - Initializing state machine and application states
11:13:54.743 [FXGL Launcher Thread     ] DEBUG AssetLoader          - Loading from disk: /assets/ui/cursors/fxgl_default.png
11:13:54.772 [FXGL Launcher Thread     ] DEBUG AssetLoader          - Loading from disk: /assets/ui/cursors/fxgl_default.png
11:13:54.775 [FXGL Launcher Thread     ] DEBUG AssetLoader          - Loading from disk: /assets/ui/cursors/fxgl_default.png
11:13:54.795 [FXGL Launcher Thread     ] DEBUG AssetLoader          - Loading from disk: /assets/sounds/core/notification.wav
11:13:54.832 [FXGL Launcher Thread     ] DEBUG AssetLoader          - Loading from disk: /assets/sounds/menu/select.wav
11:13:54.834 [FXGL Launcher Thread     ] DEBUG AssetLoader          - Loading from disk: /assets/sounds/menu/back.wav
11:13:54.837 [FXGL Launcher Thread     ] DEBUG AssetLoader          - Loading from disk: /assets/sounds/menu/press.wav
11:13:54.840 [FXGL Launcher Thread     ] DEBUG AssetLoader          - Loading from disk: /assets/ui/fonts/VarelaRound-Regular.ttf
11:13:55.089 [FXGL Launcher Thread     ] DEBUG AssetLoader          - Loading from disk: /assets/ui/fonts/lucida_console.ttf
11:13:55.101 [FXGL Launcher Thread     ] DEBUG AssetLoader          - Loading from disk: /assets/ui/css/fxgl_dark.css
11:13:55.103 [FXGL Launcher Thread     ] DEBUG AssetLoader          - Loading from disk: /assets/ui/icons/fxgl_icon.png
11:13:55.117 [FXGL Launcher Thread     ] DEBUG AssetLoader          - Loading from disk: /assets/ui/cursors/fxgl_default.png
11:13:55.152 [FXGL Launcher Thread     ] DEBUG FXGL.GameScene       - Game scene initialized: 600x700
11:13:55.157 [FXGL Launcher Thread     ] DEBUG FXGL.GameWorld       - Game world initialized
11:13:55.260 [FXGL Launcher Thread     ] DEBUG FXGL.PhysicsWorld    - Physics world initialized: appHeight=700, physics.ppm=50,0
11:13:55.288 [FXGL Launcher Thread     ] DEBUG Input                - Registered new binding: Pause - Esc
11:13:55.310 [FXGL Launcher Thread     ] INFO  GameApplication      - Game configuration took:  0,581 sec
11:13:55.319 [JavaFX Application Thread] DEBUG MainWindow           - Opening main window
11:13:55.361 [JavaFX Application Thread] DEBUG MainWindow           - Window border size: (6.0, 35.0)
11:13:55.361 [JavaFX Application Thread] DEBUG MainWindow           - Scaled size: 600.0 x 700.0
11:13:55.362 [JavaFX Application Thread] DEBUG MainWindow           - Scaled ratio: (1.0, 1.0)
11:13:55.362 [JavaFX Application Thread] DEBUG MainWindow           - Scene size: 600.0 x 700.0
11:13:55.362 [JavaFX Application Thread] DEBUG MainWindow           - Stage size: 606.0 x 735.0
11:13:55.362 [JavaFX Application Thread] DEBUG GameApplication      - Running preInit()
11:13:55.365 [JavaFX Application Thread] DEBUG AnnotationParser     - Main app package name: mich282q.Bunden_Forudsaetning1_Et_spil
11:13:55.365 [JavaFX Application Thread] WARN  AnnotationParser     - BasicGameApp has no package or contains uppercase letters. Disabling annotations processing
11:13:55.379 [JavaFX Application Thread] DEBUG Input                - Registered new binding: Screenshot - P
11:13:55.380 [JavaFX Application Thread] DEBUG Input                - Registered new binding: Dev Options - CTRL+0
11:13:55.380 [JavaFX Application Thread] DEBUG Input                - Registered new binding: Restart - CTRL+R
11:13:55.380 [JavaFX Application Thread] DEBUG Input                - Registered new binding: Move Right - D
11:13:55.380 [JavaFX Application Thread] DEBUG Input                - Registered new binding: Move Left - A
11:13:55.381 [JavaFX Application Thread] DEBUG Input                - Registered new binding: Move Up - W
11:13:55.381 [JavaFX Application Thread] DEBUG Input                - Registered new binding: Move Down - S
11:13:55.381 [JavaFX Application Thread] DEBUG Input                - Registered new binding: Play Sound - F
11:13:55.396 [JavaFX Application Thread] DEBUG GameApplication      - Starting main loop
11:13:55.399 [JavaFX Application Thread] DEBUG StartupState         - STARTUP
11:13:55.399 [JavaFX Application Thread] DEBUG GameApplication      - Starting new game
11:13:55.399 [JavaFX Application Thread] DEBUG Input                - Clearing active input actions
11:13:55.428 [JavaFX Application Thread] DEBUG AppStateMachine      - StartupState -> LoadingState
11:13:55.429 [JavaFX Application Thread] DEBUG AnnotationParser     - Main app package name: mich282q.Bunden_Forudsaetning1_Et_spil
11:13:55.430 [JavaFX Application Thread] WARN  AnnotationParser     - BasicGameApp has no package or contains uppercase letters. Disabling annotations processing
11:13:55.430 [JavaFX Application Thread] DEBUG InitAppTask          - Parsing annotations
11:13:55.438 [FXGL Background Thread 1 ] DEBUG InitAppTask          - Clearing previous game
11:13:55.438 [FXGL Background Thread 1 ] DEBUG FXGL.GameWorld       - Clearing game world
11:13:55.439 [FXGL Background Thread 1 ] DEBUG FXGL.PhysicsWorld    - Clearing physics world
11:13:55.439 [FXGL Background Thread 1 ] DEBUG FXGL.GameScene       - Clearing game scene
11:13:55.439 [FXGL Background Thread 1 ] DEBUG InitAppTask          - Initializing Assets
11:13:55.440 [FXGL Background Thread 1 ] DEBUG InitAppTask          - Initializing Game
11:13:55.493 [FXGL Background Thread 1 ] DEBUG AssetLoader          - Loading from disk: /assets/textures/brick.png
11:13:55.506 [FXGL Background Thread 1 ] DEBUG FXGL.GameScene       - Creating render group for layer: TOP(2147483647)
11:13:55.662 [FXGL Background Thread 1 ] DEBUG InitAppTask          - Initializing Physics
11:13:55.663 [FXGL Background Thread 1 ] DEBUG InitAppTask          - Initializing UI
11:13:55.663 [FXGL Background Thread 1 ] DEBUG AssetLoader          - Loading from cache: /assets/textures/brick.png
11:13:55.702 [FXGL Background Thread 1 ] DEBUG InitAppTask          - Initialization Complete
11:13:55.703 [FXGL Background Thread 1 ] INFO  InitAppTask          - Game initialization took: 0,265 sec
11:13:55.718 [JavaFX Application Thread] DEBUG Input                - Clearing active input actions
11:13:55.731 [JavaFX Application Thread] DEBUG AppStateMachine      - LoadingState -> PlayState
11:13:57.678 [JavaFX Application Thread] DEBUG GameApplication      - Exiting game application
11:13:57.679 [JavaFX Application Thread] DEBUG GameApplication      - Shutting down background threads
11:13:57.680 [JavaFX Application Thread] DEBUG GameApplication      - Exiting FXGL
11:13:57.680 [JavaFX Application Thread] DEBUG FXGL                 - Saving FXGL system data
11:13:57.681 [JavaFX Application Thread] DEBUG IOTask               - Executing task: writeDataTask(system/fxgl.bundle)
11:13:57.684 [JavaFX Application Thread] DEBUG FS                   - Writing to: system\fxgl.bundle
11:13:57.687 [JavaFX Application Thread] DEBUG IOTask               - Task succeeded: writeDataTask(system/fxgl.bundle)
11:13:57.687 [JavaFX Application Thread] DEBUG GameApplication      - Closing logger and exiting JavaFX
