11:10:25.027 [JavaFX Application Thread] DEBUG GameApplication      - Logger initialized
11:10:25.046 [JavaFX Application Thread] DEBUG MainWindow           - Creating a JavaFX scene
11:10:25.166 [JavaFX Application Thread] DEBUG MainWindow           - Target settings size: 600.0 x 700.0
11:10:25.166 [JavaFX Application Thread] DEBUG MainWindow           - Scaled scene size:    600.0 x 700.0
11:10:25.167 [JavaFX Application Thread] DEBUG MainWindow           - Scaled ratio: (1.0, 1.0)
11:10:25.351 [JavaFX Application Thread] DEBUG GameApplication      - Starting FXGL
11:10:25.407 [FXGL Launcher Thread     ] INFO  Version              - FXGL-0.4.2
11:10:25.407 [FXGL Launcher Thread     ] INFO  Version              - Source code and latest versions at: https://github.com/AlmasB/FXGL
11:10:25.408 [FXGL Launcher Thread     ] INFO  Version              -              Join the FXGL chat at: https://gitter.im/AlmasB/FXGL
11:10:25.409 [FXGL Launcher Thread     ] DEBUG FXGL                 - Loading FXGL system data
11:10:25.417 [FXGL Launcher Thread     ] DEBUG IOTask               - Executing task: readDataTask(system/fxgl.bundle)
11:10:25.433 [FXGL Launcher Thread     ] DEBUG FS                   - Reading from: system\fxgl.bundle
11:10:25.446 [FXGL Launcher Thread     ] DEBUG IOTask               - Task succeeded: readDataTask(system/fxgl.bundle)
11:10:25.446 [FXGL Launcher Thread     ] DEBUG Bundle               - Logging bundle: FXGL
11:10:25.447 [FXGL Launcher Thread     ] DEBUG Bundle               - FXGL.offline.timer.version.check=2018-03-15T11:09:36.834
11:10:25.454 [FXGL Launcher Thread     ] DEBUG GameApplication      - FXGL started
11:10:25.454 [FXGL Launcher Thread     ] DEBUG GameApplication      - Logging game settings
Title: Basic Game App
Version: 0.1
Width: 600
Height: 700
Fullscreen: false
Intro: false
Menus: false
Profiling: false
Single step:false
App Mode: DEVELOPER
Menu Key: ESCAPE
Stage Style: DECORATED
Scene Factory: class com.almasb.fxgl.scene.SceneFactory
Dialog Factory: class com.almasb.fxgl.ui.FXGLDialogFactory
UI Factory: class com.almasb.fxgl.ui.FXGLUIFactory
Notification Service: class com.almasb.fxgl.gameplay.notification.XboxNotificationView
Exception Handler: class com.almasb.fxgl.app.FXGLExceptionHandler
11:10:25.455 [FXGL Launcher Thread     ] DEBUG GameApplication      - Configuring GameApplication
11:10:25.456 [FXGL Launcher Thread     ] DEBUG GameApplication      - Initializing state machine and application states
11:10:25.471 [FXGL Launcher Thread     ] DEBUG AssetLoader          - Loading from disk: /assets/ui/cursors/fxgl_default.png
11:10:25.504 [FXGL Launcher Thread     ] DEBUG AssetLoader          - Loading from disk: /assets/ui/cursors/fxgl_default.png
11:10:25.507 [FXGL Launcher Thread     ] DEBUG AssetLoader          - Loading from disk: /assets/ui/cursors/fxgl_default.png
11:10:25.518 [FXGL Launcher Thread     ] DEBUG AssetLoader          - Loading from disk: /assets/sounds/core/notification.wav
11:10:25.554 [FXGL Launcher Thread     ] DEBUG AssetLoader          - Loading from disk: /assets/sounds/menu/select.wav
11:10:25.556 [FXGL Launcher Thread     ] DEBUG AssetLoader          - Loading from disk: /assets/sounds/menu/back.wav
11:10:25.558 [FXGL Launcher Thread     ] DEBUG AssetLoader          - Loading from disk: /assets/sounds/menu/press.wav
11:10:25.561 [FXGL Launcher Thread     ] DEBUG AssetLoader          - Loading from disk: /assets/ui/fonts/VarelaRound-Regular.ttf
11:10:25.821 [FXGL Launcher Thread     ] DEBUG AssetLoader          - Loading from disk: /assets/ui/fonts/lucida_console.ttf
11:10:25.830 [FXGL Launcher Thread     ] DEBUG AssetLoader          - Loading from disk: /assets/ui/css/fxgl_dark.css
11:10:25.830 [FXGL Launcher Thread     ] DEBUG AssetLoader          - Loading from disk: /assets/ui/icons/fxgl_icon.png
11:10:25.843 [FXGL Launcher Thread     ] DEBUG AssetLoader          - Loading from disk: /assets/ui/cursors/fxgl_default.png
11:10:25.880 [FXGL Launcher Thread     ] DEBUG FXGL.GameScene       - Game scene initialized: 600x700
11:10:25.885 [FXGL Launcher Thread     ] DEBUG FXGL.GameWorld       - Game world initialized
11:10:25.990 [FXGL Launcher Thread     ] DEBUG FXGL.PhysicsWorld    - Physics world initialized: appHeight=700, physics.ppm=50,0
11:10:26.018 [FXGL Launcher Thread     ] DEBUG Input                - Registered new binding: Pause - Esc
11:10:26.039 [FXGL Launcher Thread     ] INFO  GameApplication      - Game configuration took:  0,583 sec
11:10:26.051 [JavaFX Application Thread] DEBUG MainWindow           - Opening main window
11:10:26.096 [JavaFX Application Thread] DEBUG MainWindow           - Window border size: (6.0, 35.0)
11:10:26.096 [JavaFX Application Thread] DEBUG MainWindow           - Scaled size: 600.0 x 700.0
11:10:26.096 [JavaFX Application Thread] DEBUG MainWindow           - Scaled ratio: (1.0, 1.0)
11:10:26.096 [JavaFX Application Thread] DEBUG MainWindow           - Scene size: 600.0 x 700.0
11:10:26.096 [JavaFX Application Thread] DEBUG MainWindow           - Stage size: 606.0 x 735.0
11:10:26.097 [JavaFX Application Thread] DEBUG GameApplication      - Running preInit()
11:10:26.103 [JavaFX Application Thread] DEBUG AnnotationParser     - Main app package name: mich282q.Bunden_Forudsaetning1_Et_spil
11:10:26.104 [JavaFX Application Thread] WARN  AnnotationParser     - BasicGameApp has no package or contains uppercase letters. Disabling annotations processing
11:10:26.114 [JavaFX Application Thread] DEBUG Input                - Registered new binding: Screenshot - P
11:10:26.115 [JavaFX Application Thread] DEBUG Input                - Registered new binding: Dev Options - CTRL+0
11:10:26.116 [JavaFX Application Thread] DEBUG Input                - Registered new binding: Restart - CTRL+R
11:10:26.116 [JavaFX Application Thread] DEBUG Input                - Registered new binding: Move Right - D
11:10:26.117 [JavaFX Application Thread] DEBUG Input                - Registered new binding: Move Left - A
11:10:26.117 [JavaFX Application Thread] DEBUG Input                - Registered new binding: Move Up - W
11:10:26.117 [JavaFX Application Thread] DEBUG Input                - Registered new binding: Move Down - S
11:10:26.118 [JavaFX Application Thread] DEBUG Input                - Registered new binding: Play Sound - F
11:10:26.137 [JavaFX Application Thread] DEBUG GameApplication      - Starting main loop
11:10:26.141 [JavaFX Application Thread] DEBUG StartupState         - STARTUP
11:10:26.141 [JavaFX Application Thread] DEBUG GameApplication      - Starting new game
11:10:26.141 [JavaFX Application Thread] DEBUG Input                - Clearing active input actions
11:10:26.179 [JavaFX Application Thread] DEBUG AppStateMachine      - StartupState -> LoadingState
11:10:26.181 [JavaFX Application Thread] DEBUG AnnotationParser     - Main app package name: mich282q.Bunden_Forudsaetning1_Et_spil
11:10:26.181 [JavaFX Application Thread] WARN  AnnotationParser     - BasicGameApp has no package or contains uppercase letters. Disabling annotations processing
11:10:26.182 [JavaFX Application Thread] DEBUG InitAppTask          - Parsing annotations
11:10:26.190 [FXGL Background Thread 1 ] DEBUG InitAppTask          - Clearing previous game
11:10:26.191 [FXGL Background Thread 1 ] DEBUG FXGL.GameWorld       - Clearing game world
11:10:26.191 [FXGL Background Thread 1 ] DEBUG FXGL.PhysicsWorld    - Clearing physics world
11:10:26.191 [FXGL Background Thread 1 ] DEBUG FXGL.GameScene       - Clearing game scene
11:10:26.192 [FXGL Background Thread 1 ] DEBUG InitAppTask          - Initializing Assets
11:10:26.193 [FXGL Background Thread 1 ] DEBUG InitAppTask          - Initializing Game
11:10:26.245 [FXGL Background Thread 1 ] DEBUG AssetLoader          - Loading from disk: /assets/textures/brick.png
11:10:26.262 [FXGL Background Thread 1 ] DEBUG FXGL.GameScene       - Creating render group for layer: TOP(2147483647)
11:10:26.430 [FXGL Background Thread 1 ] DEBUG InitAppTask          - Initializing Physics
11:10:26.431 [FXGL Background Thread 1 ] DEBUG InitAppTask          - Initializing UI
11:10:26.432 [FXGL Background Thread 1 ] DEBUG AssetLoader          - Loading from cache: /assets/textures/brick.png
11:10:26.535 [FXGL Background Thread 1 ] DEBUG InitAppTask          - Initialization Complete
11:10:26.535 [FXGL Background Thread 1 ] INFO  InitAppTask          - Game initialization took: 0,345 sec
11:10:26.550 [JavaFX Application Thread] DEBUG Input                - Clearing active input actions
11:10:26.571 [JavaFX Application Thread] DEBUG AppStateMachine      - LoadingState -> PlayState
11:10:27.974 [JavaFX Application Thread] DEBUG AssetLoader          - Loading from disk: /assets/sounds/collectcoin.wav
11:10:28.023 [JavaFX Application Thread] DEBUG AssetLoader          - Loading from cache: /assets/sounds/collectcoin.wav
11:10:28.231 [JavaFX Application Thread] DEBUG AssetLoader          - Loading from cache: /assets/sounds/collectcoin.wav
11:10:28.232 [JavaFX Application Thread] DEBUG AssetLoader          - Loading from cache: /assets/sounds/collectcoin.wav
11:10:29.374 [JavaFX Application Thread] DEBUG GameApplication      - Exiting game application
11:10:29.376 [JavaFX Application Thread] DEBUG GameApplication      - Shutting down background threads
11:10:29.376 [JavaFX Application Thread] DEBUG GameApplication      - Exiting FXGL
11:10:29.376 [JavaFX Application Thread] DEBUG FXGL                 - Saving FXGL system data
11:10:29.377 [JavaFX Application Thread] DEBUG IOTask               - Executing task: writeDataTask(system/fxgl.bundle)
11:10:29.380 [JavaFX Application Thread] DEBUG FS                   - Writing to: system\fxgl.bundle
11:10:29.384 [JavaFX Application Thread] DEBUG IOTask               - Task succeeded: writeDataTask(system/fxgl.bundle)
11:10:29.384 [JavaFX Application Thread] DEBUG GameApplication      - Closing logger and exiting JavaFX
