11:14:05.709 [JavaFX Application Thread] DEBUG GameApplication      - Logger initialized
11:14:05.726 [JavaFX Application Thread] DEBUG MainWindow           - Creating a JavaFX scene
11:14:05.833 [JavaFX Application Thread] DEBUG MainWindow           - Target settings size: 600.0 x 700.0
11:14:05.833 [JavaFX Application Thread] DEBUG MainWindow           - Scaled scene size:    600.0 x 700.0
11:14:05.834 [JavaFX Application Thread] DEBUG MainWindow           - Scaled ratio: (1.0, 1.0)
11:14:06.021 [JavaFX Application Thread] DEBUG GameApplication      - Starting FXGL
11:14:06.073 [FXGL Launcher Thread     ] INFO  Version              - FXGL-0.4.2
11:14:06.074 [FXGL Launcher Thread     ] INFO  Version              - Source code and latest versions at: https://github.com/AlmasB/FXGL
11:14:06.074 [FXGL Launcher Thread     ] INFO  Version              -              Join the FXGL chat at: https://gitter.im/AlmasB/FXGL
11:14:06.075 [FXGL Launcher Thread     ] DEBUG FXGL                 - Loading FXGL system data
11:14:06.086 [FXGL Launcher Thread     ] DEBUG IOTask               - Executing task: readDataTask(system/fxgl.bundle)
11:14:06.093 [FXGL Launcher Thread     ] DEBUG FS                   - Reading from: system\fxgl.bundle
11:14:06.106 [FXGL Launcher Thread     ] DEBUG IOTask               - Task succeeded: readDataTask(system/fxgl.bundle)
11:14:06.107 [FXGL Launcher Thread     ] DEBUG Bundle               - Logging bundle: FXGL
11:14:06.107 [FXGL Launcher Thread     ] DEBUG Bundle               - FXGL.offline.timer.version.check=2018-03-15T11:09:36.834
11:14:06.114 [FXGL Launcher Thread     ] DEBUG GameApplication      - FXGL started
11:14:06.114 [FXGL Launcher Thread     ] DEBUG GameApplication      - Logging game settings
Title: Basic Game App
Version: 0.1
Width: 600
Height: 700
Fullscreen: false
Intro: false
Menus: false
Profiling: false
Single step:false
App Mode: DEVELOPER
Menu Key: ESCAPE
Stage Style: DECORATED
Scene Factory: class com.almasb.fxgl.scene.SceneFactory
Dialog Factory: class com.almasb.fxgl.ui.FXGLDialogFactory
UI Factory: class com.almasb.fxgl.ui.FXGLUIFactory
Notification Service: class com.almasb.fxgl.gameplay.notification.XboxNotificationView
Exception Handler: class com.almasb.fxgl.app.FXGLExceptionHandler
11:14:06.116 [FXGL Launcher Thread     ] DEBUG GameApplication      - Configuring GameApplication
11:14:06.116 [FXGL Launcher Thread     ] DEBUG GameApplication      - Initializing state machine and application states
11:14:06.130 [FXGL Launcher Thread     ] DEBUG AssetLoader          - Loading from disk: /assets/ui/cursors/fxgl_default.png
11:14:06.160 [FXGL Launcher Thread     ] DEBUG AssetLoader          - Loading from disk: /assets/ui/cursors/fxgl_default.png
11:14:06.162 [FXGL Launcher Thread     ] DEBUG AssetLoader          - Loading from disk: /assets/ui/cursors/fxgl_default.png
11:14:06.173 [FXGL Launcher Thread     ] DEBUG AssetLoader          - Loading from disk: /assets/sounds/core/notification.wav
11:14:06.210 [FXGL Launcher Thread     ] DEBUG AssetLoader          - Loading from disk: /assets/sounds/menu/select.wav
11:14:06.213 [FXGL Launcher Thread     ] DEBUG AssetLoader          - Loading from disk: /assets/sounds/menu/back.wav
11:14:06.215 [FXGL Launcher Thread     ] DEBUG AssetLoader          - Loading from disk: /assets/sounds/menu/press.wav
11:14:06.218 [FXGL Launcher Thread     ] DEBUG AssetLoader          - Loading from disk: /assets/ui/fonts/VarelaRound-Regular.ttf
11:14:06.540 [FXGL Launcher Thread     ] DEBUG AssetLoader          - Loading from disk: /assets/ui/fonts/lucida_console.ttf
11:14:06.548 [FXGL Launcher Thread     ] DEBUG AssetLoader          - Loading from disk: /assets/ui/css/fxgl_dark.css
11:14:06.549 [FXGL Launcher Thread     ] DEBUG AssetLoader          - Loading from disk: /assets/ui/icons/fxgl_icon.png
11:14:06.584 [FXGL Launcher Thread     ] DEBUG AssetLoader          - Loading from disk: /assets/ui/cursors/fxgl_default.png
11:14:06.646 [FXGL Launcher Thread     ] DEBUG FXGL.GameScene       - Game scene initialized: 600x700
11:14:06.658 [FXGL Launcher Thread     ] DEBUG FXGL.GameWorld       - Game world initialized
11:14:06.763 [FXGL Launcher Thread     ] DEBUG FXGL.PhysicsWorld    - Physics world initialized: appHeight=700, physics.ppm=50,0
11:14:06.799 [FXGL Launcher Thread     ] DEBUG Input                - Registered new binding: Pause - Esc
11:14:06.817 [FXGL Launcher Thread     ] INFO  GameApplication      - Game configuration took:  0,701 sec
11:14:06.820 [JavaFX Application Thread] DEBUG MainWindow           - Opening main window
11:14:06.855 [JavaFX Application Thread] DEBUG MainWindow           - Window border size: (6.0, 35.0)
11:14:06.855 [JavaFX Application Thread] DEBUG MainWindow           - Scaled size: 600.0 x 700.0
11:14:06.856 [JavaFX Application Thread] DEBUG MainWindow           - Scaled ratio: (1.0, 1.0)
11:14:06.856 [JavaFX Application Thread] DEBUG MainWindow           - Scene size: 600.0 x 700.0
11:14:06.856 [JavaFX Application Thread] DEBUG MainWindow           - Stage size: 606.0 x 735.0
11:14:06.856 [JavaFX Application Thread] DEBUG GameApplication      - Running preInit()
11:14:06.858 [JavaFX Application Thread] DEBUG AnnotationParser     - Main app package name: mich282q.Bunden_Forudsaetning1_Et_spil
11:14:06.858 [JavaFX Application Thread] WARN  AnnotationParser     - BasicGameApp has no package or contains uppercase letters. Disabling annotations processing
11:14:06.869 [JavaFX Application Thread] DEBUG Input                - Registered new binding: Screenshot - P
11:14:06.870 [JavaFX Application Thread] DEBUG Input                - Registered new binding: Dev Options - CTRL+0
11:14:06.870 [JavaFX Application Thread] DEBUG Input                - Registered new binding: Restart - CTRL+R
11:14:06.870 [JavaFX Application Thread] DEBUG Input                - Registered new binding: Move Right - D
11:14:06.871 [JavaFX Application Thread] DEBUG Input                - Registered new binding: Move Left - A
11:14:06.871 [JavaFX Application Thread] DEBUG Input                - Registered new binding: Move Up - W
11:14:06.871 [JavaFX Application Thread] DEBUG Input                - Registered new binding: Move Down - S
11:14:06.871 [JavaFX Application Thread] DEBUG Input                - Registered new binding: Play Sound - F
11:14:06.888 [JavaFX Application Thread] DEBUG GameApplication      - Starting main loop
11:14:06.893 [JavaFX Application Thread] DEBUG StartupState         - STARTUP
11:14:06.894 [JavaFX Application Thread] DEBUG GameApplication      - Starting new game
11:14:06.894 [JavaFX Application Thread] DEBUG Input                - Clearing active input actions
11:14:06.938 [JavaFX Application Thread] DEBUG AppStateMachine      - StartupState -> LoadingState
11:14:06.939 [JavaFX Application Thread] DEBUG AnnotationParser     - Main app package name: mich282q.Bunden_Forudsaetning1_Et_spil
11:14:06.939 [JavaFX Application Thread] WARN  AnnotationParser     - BasicGameApp has no package or contains uppercase letters. Disabling annotations processing
11:14:06.940 [JavaFX Application Thread] DEBUG InitAppTask          - Parsing annotations
11:14:06.950 [FXGL Background Thread 1 ] DEBUG InitAppTask          - Clearing previous game
11:14:06.950 [FXGL Background Thread 1 ] DEBUG FXGL.GameWorld       - Clearing game world
11:14:06.951 [FXGL Background Thread 1 ] DEBUG FXGL.PhysicsWorld    - Clearing physics world
11:14:06.951 [FXGL Background Thread 1 ] DEBUG FXGL.GameScene       - Clearing game scene
11:14:06.951 [FXGL Background Thread 1 ] DEBUG InitAppTask          - Initializing Assets
11:14:06.952 [FXGL Background Thread 1 ] DEBUG InitAppTask          - Initializing Game
11:14:07.006 [FXGL Background Thread 1 ] DEBUG AssetLoader          - Loading from disk: /assets/textures/brick.png
11:14:07.022 [FXGL Background Thread 1 ] DEBUG FXGL.GameScene       - Creating render group for layer: TOP(2147483647)
11:14:07.179 [FXGL Background Thread 1 ] DEBUG InitAppTask          - Initializing Physics
11:14:07.180 [FXGL Background Thread 1 ] DEBUG InitAppTask          - Initializing UI
11:14:07.181 [FXGL Background Thread 1 ] DEBUG AssetLoader          - Loading from cache: /assets/textures/brick.png
11:14:07.221 [FXGL Background Thread 1 ] DEBUG InitAppTask          - Initialization Complete
11:14:07.222 [FXGL Background Thread 1 ] INFO  InitAppTask          - Game initialization took: 0,271 sec
11:14:07.223 [JavaFX Application Thread] DEBUG Input                - Clearing active input actions
11:14:07.234 [JavaFX Application Thread] DEBUG AppStateMachine      - LoadingState -> PlayState
11:14:10.334 [JavaFX Application Thread] DEBUG AssetLoader          - Loading from disk: /assets/sounds/collectcoin.wav
11:14:10.364 [JavaFX Application Thread] DEBUG AssetLoader          - Loading from cache: /assets/sounds/collectcoin.wav
11:14:11.458 [JavaFX Application Thread] DEBUG GameApplication      - Exiting game application
11:14:11.459 [JavaFX Application Thread] DEBUG GameApplication      - Shutting down background threads
11:14:11.460 [JavaFX Application Thread] DEBUG GameApplication      - Exiting FXGL
11:14:11.460 [JavaFX Application Thread] DEBUG FXGL                 - Saving FXGL system data
11:14:11.461 [JavaFX Application Thread] DEBUG IOTask               - Executing task: writeDataTask(system/fxgl.bundle)
11:14:11.464 [JavaFX Application Thread] DEBUG FS                   - Writing to: system\fxgl.bundle
11:14:11.467 [JavaFX Application Thread] DEBUG IOTask               - Task succeeded: writeDataTask(system/fxgl.bundle)
11:14:11.467 [JavaFX Application Thread] DEBUG GameApplication      - Closing logger and exiting JavaFX
